20180312 02:13:14.374 INFO  [main] OthelloMain - Initializing...
20180312 02:13:14.543 DEBUG [main] Properties - Getting board.size with default 8
20180312 02:13:14.544 DEBUG [main] Properties - Received board.size with value 8
20180312 02:13:14.544 DEBUG [main] Properties - Getting coordinate.converter.class
20180312 02:13:14.544 DEBUG [main] Properties - Received coordinate.converter.class with value com.percy.interview.othello.game.coordinates.manager.NumAlphaCoordManager
20180312 02:13:14.581 DEBUG [main] Properties - Getting playerX.initial with default [5d, 4e]
20180312 02:13:14.581 DEBUG [main] Properties - Received playerX.initial with value [d5, 4e]
20180312 02:13:14.581 DEBUG [main] Properties - Getting playerO.initial with default [4d, 5e]
20180312 02:13:14.581 DEBUG [main] Properties - Received playerO.initial with value [4d, e5]
20180312 02:13:14.583 INFO  [main] OthelloMain - d5
20180312 02:13:14.583 DEBUG [main] NumAlphaCoordManager - Validating Coordinate String d5
20180312 02:13:14.583 TRACE [main] NumAlphaCoordManager - New Coordinates Created [3]-[4]
20180312 02:13:14.583 TRACE [main] NumAlphaCoordManager - Coordinate [3]-[4] Created from String d5
20180312 02:13:14.584 INFO  [main] OthelloMain - 4e
20180312 02:13:14.584 DEBUG [main] NumAlphaCoordManager - Validating Coordinate String 4e
20180312 02:13:14.584 TRACE [main] NumAlphaCoordManager - New Coordinates Created [4]-[3]
20180312 02:13:14.584 TRACE [main] NumAlphaCoordManager - Coordinate [4]-[3] Created from String 4e
20180312 02:13:14.584 INFO  [main] OthelloMain - 4d
20180312 02:13:14.584 DEBUG [main] NumAlphaCoordManager - Validating Coordinate String 4d
20180312 02:13:14.585 TRACE [main] NumAlphaCoordManager - New Coordinates Created [3]-[3]
20180312 02:13:14.585 TRACE [main] NumAlphaCoordManager - Coordinate [3]-[3] Created from String 4d
20180312 02:13:14.585 INFO  [main] OthelloMain - e5
20180312 02:13:14.585 DEBUG [main] NumAlphaCoordManager - Validating Coordinate String e5
20180312 02:13:14.585 TRACE [main] NumAlphaCoordManager - New Coordinates Created [4]-[4]
20180312 02:13:14.585 TRACE [main] NumAlphaCoordManager - Coordinate [4]-[4] Created from String e5
20180312 02:13:14.586 DEBUG [main] LogicHolder - Coord [3]-[4] Taken First Time By X
20180312 02:13:14.586 TRACE [main] Board - Coord [3]-[4] taken by X
20180312 02:13:14.587 DEBUG [main] LogicHolder - Coord [4]-[3] Taken First Time By X
20180312 02:13:14.587 TRACE [main] Board - Coord [4]-[3] taken by X
20180312 02:13:14.587 DEBUG [main] LogicHolder - Coord [3]-[3] Taken First Time By O
20180312 02:13:14.587 TRACE [main] Board - Coord [3]-[3] taken by O
20180312 02:13:14.587 DEBUG [main] LogicHolder - Coord [4]-[4] Taken First Time By O
20180312 02:13:14.587 TRACE [main] Board - Coord [4]-[4] taken by O
20180312 02:13:14.587 INFO  [main] OthelloMain - Initialization finished
20180312 02:13:16.936 INFO  [main] CommandLineHelper - Player names entered ss and fff
20180312 02:13:16.937 INFO  [main] OthelloMain - Game begins
20180312 02:13:16.937 TRACE [main] NumAlphaCoordManager - New Coordinates Created [0]-[0]
20180312 02:13:16.937 TRACE [main] NumAlphaCoordManager - New Coordinates Created [0]-[1]
20180312 02:13:16.937 TRACE [main] NumAlphaCoordManager - New Coordinates Created [1]-[0]
20180312 02:13:16.938 TRACE [main] NumAlphaCoordManager - New Coordinates Created [1]-[1]
20180312 02:13:16.938 TRACE [main] NumAlphaCoordManager - New Coordinates Created [0]-[2]
20180312 02:13:16.938 TRACE [main] NumAlphaCoordManager - New Coordinates Created [1]-[2]
20180312 02:13:16.940 TRACE [main] NumAlphaCoordManager - New Coordinates Created [0]-[3]
20180312 02:13:16.940 TRACE [main] NumAlphaCoordManager - New Coordinates Created [1]-[3]
20180312 02:13:16.941 TRACE [main] NumAlphaCoordManager - New Coordinates Created [0]-[4]
20180312 02:13:16.941 TRACE [main] NumAlphaCoordManager - New Coordinates Created [1]-[4]
20180312 02:13:16.941 TRACE [main] NumAlphaCoordManager - New Coordinates Created [0]-[5]
20180312 02:13:16.942 TRACE [main] NumAlphaCoordManager - New Coordinates Created [1]-[5]
20180312 02:13:16.942 TRACE [main] NumAlphaCoordManager - New Coordinates Created [0]-[6]
20180312 02:13:16.942 TRACE [main] NumAlphaCoordManager - New Coordinates Created [1]-[6]
20180312 02:13:16.943 TRACE [main] NumAlphaCoordManager - New Coordinates Created [0]-[7]
20180312 02:13:16.943 TRACE [main] NumAlphaCoordManager - New Coordinates Created [1]-[7]
20180312 02:13:16.944 TRACE [main] NumAlphaCoordManager - New Coordinates Created [2]-[0]
20180312 02:13:16.944 TRACE [main] NumAlphaCoordManager - New Coordinates Created [2]-[1]
20180312 02:13:16.944 TRACE [main] NumAlphaCoordManager - New Coordinates Created [2]-[2]
20180312 02:13:16.945 TRACE [main] NumAlphaCoordManager - New Coordinates Created [2]-[3]
20180312 02:13:16.945 TRACE [main] NumAlphaCoordManager - New Coordinates Created [2]-[4]
20180312 02:13:16.946 TRACE [main] NumAlphaCoordManager - New Coordinates Created [2]-[5]
20180312 02:13:16.947 TRACE [main] NumAlphaCoordManager - New Coordinates Created [2]-[6]
20180312 02:13:16.947 TRACE [main] NumAlphaCoordManager - New Coordinates Created [2]-[7]
20180312 02:13:16.948 TRACE [main] NumAlphaCoordManager - New Coordinates Created [3]-[0]
20180312 02:13:16.948 TRACE [main] NumAlphaCoordManager - New Coordinates Created [3]-[1]
20180312 02:13:16.948 TRACE [main] NumAlphaCoordManager - New Coordinates Created [3]-[2]
20180312 02:13:16.949 TRACE [main] NumAlphaCoordManager - New Coordinates Created [5]-[5]
20180312 02:13:16.949 TRACE [main] NumAlphaCoordManager - New Coordinates Created [6]-[6]
20180312 02:13:16.950 TRACE [main] NumAlphaCoordManager - New Coordinates Created [7]-[7]
20180312 02:13:16.950 INFO  [main] LogicHolder - Valid location [2]-[3] found for X
20180312 02:13:16.950 TRACE [main] NumAlphaCoordManager - New Coordinates Created [4]-[2]
20180312 02:13:16.951 TRACE [main] NumAlphaCoordManager - New Coordinates Created [5]-[1]
20180312 02:13:16.951 TRACE [main] NumAlphaCoordManager - New Coordinates Created [6]-[0]
20180312 02:13:16.951 TRACE [main] NumAlphaCoordManager - New Coordinates Created [3]-[5]
20180312 02:13:16.951 TRACE [main] NumAlphaCoordManager - New Coordinates Created [3]-[6]
20180312 02:13:16.952 TRACE [main] NumAlphaCoordManager - New Coordinates Created [3]-[7]
20180312 02:13:16.952 TRACE [main] NumAlphaCoordManager - New Coordinates Created [4]-[0]
20180312 02:13:16.952 TRACE [main] NumAlphaCoordManager - New Coordinates Created [4]-[1]
20180312 02:13:16.953 INFO  [main] LogicHolder - Valid location [3]-[2] found for X
20180312 02:13:16.953 TRACE [main] NumAlphaCoordManager - New Coordinates Created [5]-[3]
20180312 02:13:16.953 TRACE [main] NumAlphaCoordManager - New Coordinates Created [6]-[2]
20180312 02:13:16.954 TRACE [main] NumAlphaCoordManager - New Coordinates Created [7]-[1]
20180312 02:13:16.954 TRACE [main] NumAlphaCoordManager - New Coordinates Created [4]-[5]
20180312 02:13:16.954 TRACE [main] NumAlphaCoordManager - New Coordinates Created [4]-[6]
20180312 02:13:16.954 TRACE [main] NumAlphaCoordManager - New Coordinates Created [4]-[7]
20180312 02:13:16.955 TRACE [main] NumAlphaCoordManager - New Coordinates Created [5]-[0]
20180312 02:13:16.955 TRACE [main] NumAlphaCoordManager - New Coordinates Created [5]-[2]
20180312 02:13:16.956 INFO  [main] LogicHolder - Valid location [4]-[5] found for X
20180312 02:13:16.956 TRACE [main] NumAlphaCoordManager - New Coordinates Created [5]-[6]
20180312 02:13:16.956 TRACE [main] NumAlphaCoordManager - New Coordinates Created [5]-[7]
20180312 02:13:16.956 TRACE [main] NumAlphaCoordManager - New Coordinates Created [6]-[1]
20180312 02:13:16.957 TRACE [main] NumAlphaCoordManager - New Coordinates Created [6]-[3]
20180312 02:13:16.957 TRACE [main] NumAlphaCoordManager - New Coordinates Created [5]-[4]
20180312 02:13:16.957 TRACE [main] NumAlphaCoordManager - New Coordinates Created [6]-[4]
20180312 02:13:16.958 INFO  [main] LogicHolder - Valid location [5]-[4] found for X
20180312 02:13:16.958 TRACE [main] NumAlphaCoordManager - New Coordinates Created [6]-[5]
20180312 02:13:16.958 TRACE [main] NumAlphaCoordManager - New Coordinates Created [6]-[7]
20180312 02:13:16.959 TRACE [main] NumAlphaCoordManager - New Coordinates Created [7]-[0]
20180312 02:13:16.959 TRACE [main] NumAlphaCoordManager - New Coordinates Created [7]-[2]
20180312 02:13:16.959 TRACE [main] NumAlphaCoordManager - New Coordinates Created [7]-[3]
20180312 02:13:16.959 TRACE [main] NumAlphaCoordManager - New Coordinates Created [7]-[4]
20180312 02:13:16.960 TRACE [main] NumAlphaCoordManager - New Coordinates Created [7]-[5]
20180312 02:13:16.960 TRACE [main] NumAlphaCoordManager - New Coordinates Created [7]-[6]
20180312 02:13:16.962 DEBUG [main] LogicHolder - Found all the available moves [[2]-[3], [3]-[2], [4]-[5], [5]-[4]]
20180312 02:13:24.373 DEBUG [main] NumAlphaCoordManager - Validating Coordinate String d3
20180312 02:13:24.373 TRACE [main] NumAlphaCoordManager - Coordinate [3]-[2] Created from String d3
20180312 02:13:24.373 INFO  [main] LogicHolder - Evaluate Player X Move Coord [3]-[2] With Flipping Enabled
20180312 02:13:24.374 DEBUG [main] LogicHolder - Coord [3]-[2] Taken First Time By X
20180312 02:13:24.374 TRACE [main] Board - Coord [3]-[2] taken by X
20180312 02:13:24.374 TRACE [main] BoardNeighbourSearcher - Flip 3-3
20180312 02:13:24.374 DEBUG [main] LogicHolder - Coord [3]-[3] Taken From O By X
20180312 02:13:24.374 TRACE [main] Board - Coord [3]-[3] taken by X
20180312 02:13:24.377 INFO  [main] LogicHolder - Valid location [2]-[2] found for O
20180312 02:13:24.378 INFO  [main] LogicHolder - Valid location [2]-[4] found for O
20180312 02:13:24.379 INFO  [main] LogicHolder - Valid location [4]-[2] found for O
20180312 02:13:24.381 DEBUG [main] LogicHolder - Found all the available moves [[2]-[2], [2]-[4], [4]-[2]]
20180312 02:13:30.335 DEBUG [main] NumAlphaCoordManager - Validating Coordinate String 5c
20180312 02:13:30.335 TRACE [main] NumAlphaCoordManager - Coordinate [2]-[4] Created from String 5c
20180312 02:13:30.335 INFO  [main] LogicHolder - Evaluate Player O Move Coord [2]-[4] With Flipping Enabled
20180312 02:13:30.335 DEBUG [main] LogicHolder - Coord [2]-[4] Taken First Time By O
20180312 02:13:30.336 TRACE [main] Board - Coord [2]-[4] taken by O
20180312 02:13:30.336 TRACE [main] BoardNeighbourSearcher - Flip 3-4
20180312 02:13:30.336 DEBUG [main] LogicHolder - Coord [3]-[4] Taken From X By O
20180312 02:13:30.336 TRACE [main] Board - Coord [3]-[4] taken by O
20180312 02:13:30.339 INFO  [main] LogicHolder - Valid location [1]-[5] found for X
20180312 02:13:30.339 INFO  [main] LogicHolder - Valid location [2]-[5] found for X
20180312 02:13:30.340 INFO  [main] LogicHolder - Valid location [3]-[5] found for X
20180312 02:13:30.342 INFO  [main] LogicHolder - Valid location [4]-[5] found for X
20180312 02:13:30.343 INFO  [main] LogicHolder - Valid location [5]-[5] found for X
20180312 02:13:30.344 DEBUG [main] LogicHolder - Found all the available moves [[1]-[5], [2]-[5], [3]-[5], [4]-[5], [5]-[5]]
20180312 02:13:39.020 DEBUG [main] NumAlphaCoordManager - Validating Coordinate String d6
20180312 02:13:39.021 TRACE [main] NumAlphaCoordManager - Coordinate [3]-[5] Created from String d6
20180312 02:13:39.021 INFO  [main] LogicHolder - Evaluate Player X Move Coord [3]-[5] With Flipping Enabled
20180312 02:13:39.021 DEBUG [main] LogicHolder - Coord [3]-[5] Taken First Time By X
20180312 02:13:39.021 TRACE [main] Board - Coord [3]-[5] taken by X
20180312 02:13:39.021 TRACE [main] BoardNeighbourSearcher - Flip 3-4
20180312 02:13:39.021 DEBUG [main] LogicHolder - Coord [3]-[4] Taken From O By X
20180312 02:13:39.021 TRACE [main] Board - Coord [3]-[4] taken by X
20180312 02:13:39.023 INFO  [main] LogicHolder - Valid location [2]-[2] found for O
20180312 02:13:39.023 INFO  [main] LogicHolder - Valid location [2]-[6] found for O
20180312 02:13:39.024 INFO  [main] LogicHolder - Valid location [4]-[2] found for O
20180312 02:13:39.024 INFO  [main] LogicHolder - Valid location [4]-[6] found for O
20180312 02:13:39.025 DEBUG [main] LogicHolder - Found all the available moves [[2]-[2], [2]-[6], [4]-[2], [4]-[6]]
20180312 02:13:47.998 DEBUG [main] NumAlphaCoordManager - Validating Coordinate String 3e
20180312 02:13:47.998 TRACE [main] NumAlphaCoordManager - Coordinate [4]-[2] Created from String 3e
20180312 02:13:47.998 INFO  [main] LogicHolder - Evaluate Player O Move Coord [4]-[2] With Flipping Enabled
20180312 02:13:47.998 DEBUG [main] LogicHolder - Coord [4]-[2] Taken First Time By O
20180312 02:13:47.998 TRACE [main] Board - Coord [4]-[2] taken by O
20180312 02:13:47.998 TRACE [main] BoardNeighbourSearcher - Flip 3-3
20180312 02:13:47.999 DEBUG [main] LogicHolder - Coord [3]-[3] Taken From X By O
20180312 02:13:47.999 TRACE [main] Board - Coord [3]-[3] taken by O
20180312 02:13:47.999 ERROR [main] LogicHolder - O Takes on its own, Coord [4]-[2] current value 2
20180312 02:13:47.999 TRACE [main] Board - Coord [4]-[2] taken by O
20180312 02:13:47.999 TRACE [main] BoardNeighbourSearcher - Flip 4-3
20180312 02:13:47.999 DEBUG [main] LogicHolder - Coord [4]-[3] Taken From X By O
20180312 02:13:47.999 TRACE [main] Board - Coord [4]-[3] taken by O
20180312 02:13:47.999 INFO  [main] LogicHolder - Board Full, Game Over
20180312 02:13:48.000 INFO  [main] OthelloMain - Game is over
